<?xml version="1.0" encoding="UTF-8"?>
<!-- Generated by org.testng.reporters.JUnitReportReporter -->
<testsuite hostname="Mayu" failures="0" tests="3" name="cbt.FBSignUP" time="167.308" errors="0" timestamp="2024-07-24T22:15:47 IST" skipped="0">
  <testcase classname="cbt.FBSignUP" name="f" time="69.813"/>
  <testcase classname="cbt.FBSignUP" name="f" time="65.510"/>
  <testcase classname="cbt.FBSignUP" name="f" time="31.985"/>
</testsuite> <!-- cbt.FBSignUP -->
