<?xml version="1.0" encoding="UTF-8"?>
<!-- Generated by org.testng.reporters.JUnitReportReporter -->
<testsuite hostname="Mayu" failures="0" tests="2" name="testNGXML.NewTest4" time="0.003" errors="0" timestamp="2024-07-20T22:52:16 IST" skipped="0">
  <testcase classname="testNGXML.NewTest4" name="o" time="0.001">
    <system-out>
      <![CDATA[O is running]]>
    </system-out>
  </testcase> <!-- o -->
  <testcase classname="testNGXML.NewTest4" name="n" time="0.002">
    <system-out>
      <![CDATA[N is running]]>
    </system-out>
  </testcase> <!-- n -->
  <system-out>
    <![CDATA[Q is running
S is running
T is running
N is running
O is running]]>
  </system-out>
</testsuite> <!-- testNGXML.NewTest4 -->
