<?xml version="1.0" encoding="UTF-8"?>
<!-- Generated by org.testng.reporters.JUnitReportReporter -->
<testsuite hostname="Mayu" failures="0" tests="1" name="verificationUsingTestNG.AssertEqualsNotEquals" time="0.008" errors="0" timestamp="2024-07-23T14:14:39 IST" skipped="0">
  <testcase classname="verificationUsingTestNG.AssertEqualsNotEquals" name="method" time="0.008"/>
</testsuite> <!-- verificationUsingTestNG.AssertEqualsNotEquals -->
