<?xml version="1.0" encoding="UTF-8"?>
<!-- Generated by org.testng.reporters.JUnitReportReporter -->
<testsuite hostname="Mayu" failures="0" tests="1" name="dataProviders.FBSignUpUsingProperties" time="6.477" errors="0" timestamp="2024-08-05T14:42:33 IST" skipped="0">
  <testcase classname="dataProviders.FBSignUpUsingProperties" name="f" time="6.477"/>
</testsuite> <!-- dataProviders.FBSignUpUsingProperties -->
