<?xml version="1.0" encoding="UTF-8"?>
<!-- Generated by org.testng.reporters.JUnitReportReporter -->
<testsuite hostname="Mayu" failures="0" tests="3" name="testNGKeywords.EnabledTest" time="0.008" errors="0" timestamp="2024-07-19T21:59:13 IST" skipped="1">
  <testcase classname="testNGKeywords.EnabledTest" name="a" time="0.007">
    <system-out>
      <![CDATA[A is running]]>
    </system-out>
  </testcase> <!-- a -->
  <testcase classname="testNGKeywords.EnabledTest" name="c" time="0.001">
    <system-out>
      <![CDATA[C is running]]>
    </system-out>
  </testcase> <!-- c -->
  <testcase classname="testNGKeywords.EnabledTest" name="b">
    <skipped/>
  </testcase> <!-- b -->
  <system-out>
    <![CDATA[A is running
C is running]]>
  </system-out>
</testsuite> <!-- testNGKeywords.EnabledTest -->
