<?xml version="1.0" encoding="UTF-8"?>
<!-- Generated by org.testng.reporters.JUnitReportReporter -->
<testsuite hostname="Mayu" failures="0" tests="2" name="testNGXML.NewTest2" time="0.008" errors="0" timestamp="2024-07-20T14:47:27 IST" skipped="0">
  <testcase classname="testNGXML.NewTest2" name="b" time="0.001">
    <system-out>
      <![CDATA[B is running]]>
    </system-out>
  </testcase> <!-- b -->
  <testcase classname="testNGXML.NewTest2" name="a" time="0.007">
    <system-out>
      <![CDATA[A is running]]>
    </system-out>
  </testcase> <!-- a -->
  <system-out>
    <![CDATA[A is running
B is running]]>
  </system-out>
</testsuite> <!-- testNGXML.NewTest2 -->
