<?xml version="1.0" encoding="UTF-8"?>
<!-- Generated by org.testng.reporters.JUnitReportReporter -->
<testsuite hostname="Mayu" failures="0" tests="3" name="testNGKeywords.DependsOnMethods" time="0.009" errors="0" timestamp="2024-07-19T22:21:03 IST" skipped="0">
  <testcase classname="testNGKeywords.DependsOnMethods" name="a" time="0.001">
    <system-out>
      <![CDATA[A is running]]>
    </system-out>
  </testcase> <!-- a -->
  <testcase classname="testNGKeywords.DependsOnMethods" name="b" time="0.001">
    <system-out>
      <![CDATA[B is running]]>
    </system-out>
  </testcase> <!-- b -->
  <testcase classname="testNGKeywords.DependsOnMethods" name="c" time="0.007">
    <system-out>
      <![CDATA[C is running]]>
    </system-out>
  </testcase> <!-- c -->
  <system-out>
    <![CDATA[C is running
A is running
B is running]]>
  </system-out>
</testsuite> <!-- testNGKeywords.DependsOnMethods -->
