<?xml version="1.0" encoding="UTF-8"?>
<!-- Generated by org.testng.reporters.JUnitReportReporter -->
<testsuite hostname="Mayu" failures="0" tests="1" name="testNGXML.Ajio" time="42.289" errors="0" timestamp="2024-07-22T21:39:28 IST" skipped="0">
  <testcase classname="testNGXML.Ajio" name="ajioTest" time="42.289"/>
</testsuite> <!-- testNGXML.Ajio -->
