<?xml version="1.0" encoding="UTF-8"?>
<!-- Generated by org.testng.reporters.JUnitReportReporter -->
<testsuite hostname="Mayu" failures="0" tests="3" name="testNGXML.NewTest5" time="0.010" errors="0" timestamp="2024-07-20T22:52:16 IST" skipped="0">
  <testcase classname="testNGXML.NewTest5" name="q" time="0.007">
    <system-out>
      <![CDATA[Q is running]]>
    </system-out>
  </testcase> <!-- q -->
  <testcase classname="testNGXML.NewTest5" name="s" time="0.001">
    <system-out>
      <![CDATA[S is running]]>
    </system-out>
  </testcase> <!-- s -->
  <testcase classname="testNGXML.NewTest5" name="t" time="0.002">
    <system-out>
      <![CDATA[T is running]]>
    </system-out>
  </testcase> <!-- t -->
  <system-out>
    <![CDATA[Q is running
S is running
T is running
N is running
O is running]]>
  </system-out>
</testsuite> <!-- testNGXML.NewTest5 -->
