<?xml version="1.0" encoding="UTF-8"?>
<!-- Generated by org.testng.reporters.JUnitReportReporter -->
<testsuite hostname="Mayu" failures="0" tests="4" name="testNGKeywords.InnvocationCountTest" time="0.027" errors="0" timestamp="2024-07-19T14:19:26 IST" skipped="0">
  <testcase classname="testNGKeywords.InnvocationCountTest" name="mytest" time="0.001">
    <system-out>
      <![CDATA[My test is running ]]>
    </system-out>
  </testcase> <!-- mytest -->
  <testcase classname="testNGKeywords.InnvocationCountTest" name="mytest" time="0.009">
    <system-out>
      <![CDATA[My test is running ]]>
    </system-out>
  </testcase> <!-- mytest -->
  <testcase classname="testNGKeywords.InnvocationCountTest" name="mytest" time="0.014">
    <system-out>
      <![CDATA[My test is running ]]>
    </system-out>
  </testcase> <!-- mytest -->
  <testcase classname="testNGKeywords.InnvocationCountTest" name="mytest" time="0.003">
    <system-out>
      <![CDATA[My test is running ]]>
    </system-out>
  </testcase> <!-- mytest -->
  <system-out>
    <![CDATA[My test is running 
My test is running 
My test is running 
My test is running ]]>
  </system-out>
</testsuite> <!-- testNGKeywords.InnvocationCountTest -->
