<?xml version="1.0" encoding="UTF-8"?>
<!-- Generated by org.testng.reporters.JUnitReportReporter -->
<testsuite hostname="Mayu" failures="0" tests="1" name="testNGXML.FB" time="13.724" errors="0" timestamp="2024-07-22T21:39:28 IST" skipped="0">
  <testcase classname="testNGXML.FB" name="facebook" time="13.724"/>
</testsuite> <!-- testNGXML.FB -->
