<?xml version="1.0" encoding="UTF-8"?>
<!-- Generated by org.testng.reporters.JUnitReportReporter -->
<testsuite hostname="Mayu" failures="0" tests="2" name="testNGXML.NewTest1" time="0.010" errors="0" timestamp="2024-07-20T14:31:47 IST" skipped="0">
  <testcase classname="testNGXML.NewTest1" name="d" time="0.000">
    <system-out>
      <![CDATA[D is running]]>
    </system-out>
  </testcase> <!-- d -->
  <testcase classname="testNGXML.NewTest1" name="a" time="0.010">
    <system-out>
      <![CDATA[A is running]]>
    </system-out>
  </testcase> <!-- a -->
  <system-out>
    <![CDATA[A is running
D is running]]>
  </system-out>
</testsuite> <!-- testNGXML.NewTest1 -->
