<?xml version="1.0" encoding="UTF-8"?>
<!-- Generated by org.testng.reporters.JUnitReportReporter -->
<testsuite hostname="Mayu" failures="0" tests="2" name="testNGStudy.MyClass" time="0.018" errors="0" timestamp="2024-07-12T23:23:38 IST" skipped="0">
  <testcase classname="testNGStudy.MyClass" name="f1" time="0.003"/>
  <testcase classname="testNGStudy.MyClass" name="f" time="0.015">
    <system-out>
      <![CDATA[Hi am mayuri
How are you
This is new report]]>
    </system-out>
  </testcase> <!-- f -->
  <system-out>
    <![CDATA[Hi am mayuri
How are you
This is new report]]>
  </system-out>
</testsuite> <!-- testNGStudy.MyClass -->
