<?xml version="1.0" encoding="UTF-8"?>
<!-- Generated by org.testng.reporters.JUnitReportReporter -->
<testsuite hostname="Mayu" failures="0" tests="2" name="coverFoxUsingAndExcel.CoverFoxTC1" time="8.289" errors="0" timestamp="2024-08-09T23:45:00 IST" skipped="0">
  <testcase classname="coverFoxUsingAndExcel.CoverFoxTC1" name="validateBanners" time="4.067"/>
  <testcase classname="coverFoxUsingAndExcel.CoverFoxTC1" name="validatePresenceOfButton" time="4.222"/>
</testsuite> <!-- coverFoxUsingAndExcel.CoverFoxTC1 -->
