<?xml version="1.0" encoding="UTF-8"?>
<!-- Generated by org.testng.reporters.JUnitReportReporter -->
<testsuite hostname="Mayu" failures="0" tests="1" name="verificationUsingTestNG.HardAssertDrawBack" time="0.016" errors="0" timestamp="2024-07-23T22:55:33 IST" skipped="0">
  <testcase classname="verificationUsingTestNG.HardAssertDrawBack" name="f" time="0.016"/>
</testsuite> <!-- verificationUsingTestNG.HardAssertDrawBack -->
