<?xml version="1.0" encoding="UTF-8"?>
<!-- Generated by org.testng.reporters.JUnitReportReporter -->
<testsuite hostname="Mayu" failures="0" tests="1" name="testNGStudy.TestClass1" time="0.011" errors="0" timestamp="2024-07-19T14:10:39 IST" skipped="0">
  <testcase classname="testNGStudy.TestClass1" name="f" time="0.011">
    <system-out>
      <![CDATA[Test class is running]]>
    </system-out>
  </testcase> <!-- f -->
  <system-out>
    <![CDATA[Before suit is running
Before test is running
Before class is running
Before method is running
Test class is running
After method is running
After class is running
After test is running
After suit is running]]>
  </system-out>
</testsuite> <!-- testNGStudy.TestClass1 -->
