<?xml version="1.0" encoding="UTF-8"?>
<!-- Generated by org.testng.reporters.JUnitReportReporter -->
<testsuite hostname="Mayu" failures="0" tests="1" name="testNGXML.Amazon" time="32.282" errors="0" timestamp="2024-07-22T21:39:28 IST" skipped="0">
  <testcase classname="testNGXML.Amazon" name="amazonTest" time="32.282"/>
</testsuite> <!-- testNGXML.Amazon -->
