<?xml version="1.0" encoding="UTF-8"?>
<!-- Generated by org.testng.reporters.JUnitReportReporter -->
<testsuite hostname="Mayu" failures="0" tests="2" name="coverFoxTest.CoverFoxTC1" time="8.304" errors="0" timestamp="2024-08-16T23:28:53 IST" skipped="0">
  <testcase classname="coverFoxTest.CoverFoxTC1" name="validateBanners" time="4.064">
    <system-out>
      <![CDATA[getting getplanNumbersFromBanners 
getting getplanNumbersFromString ]]>
    </system-out>
  </testcase> <!-- validateBanners -->
  <testcase classname="coverFoxTest.CoverFoxTC1" name="validatePresenceOfButton" time="4.240">
    <system-out>
      <![CDATA[checking sortPlanButtonIsDisplayed 
taking screenShot
saving file at location C:\Users\nimba\eclipse-workspaces\March23_selenium\screenShots\validatePresenceOfButton.png]]>
    </system-out>
  </testcase> <!-- validatePresenceOfButton -->
  <system-out>
    <![CDATA[launching browser
waiting...
Clicking on gender button
clicking on next button
entering pin code
entering Mobile Number
clicking on next button
getting getplanNumbersFromBanners 
getting getplanNumbersFromString 
checking sortPlanButtonIsDisplayed 
taking screenShot
saving file at location C:\Users\nimba\eclipse-workspaces\March23_selenium\screenShots\validatePresenceOfButton.png
closing browser]]>
  </system-out>
</testsuite> <!-- coverFoxTest.CoverFoxTC1 -->
