<?xml version="1.0" encoding="UTF-8"?>
<!-- Generated by org.testng.reporters.JUnitReportReporter -->
<testsuite hostname="Mayu" failures="0" tests="3" name="dataProviders.FBSignUp" time="16.533" errors="0" timestamp="2024-08-05T15:14:37 IST" skipped="0">
  <testcase classname="dataProviders.FBSignUp" name="f" time="5.558"/>
  <testcase classname="dataProviders.FBSignUp" name="f" time="5.433"/>
  <testcase classname="dataProviders.FBSignUp" name="f" time="5.542"/>
</testsuite> <!-- dataProviders.FBSignUp -->
